{"C:\\Users\\HP USER\\Desktop\\hackjos\\backend\\src\\app.js": {"path":"C:\\Users\\HP USER\\Desktop\\hackjos\\backend\\src\\app.js","statementMap":{"0":{"start":{"line":6,"column":16},"end":{"line":6,"column":34}},"1":{"start":{"line":7,"column":13},"end":{"line":7,"column":28}},"2":{"start":{"line":8,"column":15},"end":{"line":8,"column":34}},"3":{"start":{"line":9,"column":21},"end":{"line":9,"column":57}},"4":{"start":{"line":10,"column":23},"end":{"line":10,"column":58}},"5":{"start":{"line":13,"column":12},"end":{"line":13,"column":21}},"6":{"start":{"line":20,"column":20},"end":{"line":24,"column":1}},"7":{"start":{"line":25,"column":0},"end":{"line":25,"column":27}},"8":{"start":{"line":28,"column":0},"end":{"line":28,"column":41}},"9":{"start":{"line":29,"column":0},"end":{"line":29,"column":63}},"10":{"start":{"line":32,"column":0},"end":{"line":32,"column":28}},"11":{"start":{"line":35,"column":0},"end":{"line":40,"column":1}},"12":{"start":{"line":36,"column":2},"end":{"line":39,"column":5}},"13":{"start":{"line":37,"column":4},"end":{"line":37,"column":45}},"14":{"start":{"line":38,"column":4},"end":{"line":38,"column":11}},"15":{"start":{"line":45,"column":0},"end":{"line":45,"column":24}},"16":{"start":{"line":48,"column":0},"end":{"line":59,"column":3}},"17":{"start":{"line":49,"column":2},"end":{"line":58,"column":5}},"18":{"start":{"line":64,"column":0},"end":{"line":64,"column":22}},"19":{"start":{"line":67,"column":0},"end":{"line":73,"column":3}},"20":{"start":{"line":68,"column":2},"end":{"line":72,"column":5}},"21":{"start":{"line":75,"column":0},"end":{"line":75,"column":21}}},"fnMap":{"0":{"name":"(anonymous_0)","decl":{"start":{"line":36,"column":10},"end":{"line":36,"column":11}},"loc":{"start":{"line":36,"column":30},"end":{"line":39,"column":3}},"line":36},"1":{"name":"(anonymous_1)","decl":{"start":{"line":48,"column":13},"end":{"line":48,"column":14}},"loc":{"start":{"line":48,"column":27},"end":{"line":59,"column":1}},"line":48},"2":{"name":"(anonymous_2)","decl":{"start":{"line":67,"column":8},"end":{"line":67,"column":9}},"loc":{"start":{"line":67,"column":22},"end":{"line":73,"column":1}},"line":67}},"branchMap":{"0":{"loc":{"start":{"line":21,"column":10},"end":{"line":21,"column":60}},"type":"binary-expr","locations":[{"start":{"line":21,"column":10},"end":{"line":21,"column":33}},{"start":{"line":21,"column":37},"end":{"line":21,"column":60}}],"line":21},"1":{"loc":{"start":{"line":35,"column":0},"end":{"line":40,"column":1}},"type":"if","locations":[{"start":{"line":35,"column":0},"end":{"line":40,"column":1}},{"start":{},"end":{}}],"line":35}},"s":{"0":1,"1":1,"2":1,"3":1,"4":1,"5":1,"6":1,"7":1,"8":1,"9":1,"10":1,"11":1,"12":0,"13":0,"14":0,"15":1,"16":1,"17":0,"18":1,"19":1,"20":0,"21":1},"f":{"0":0,"1":0,"2":0},"b":{"0":[1,1],"1":[0,1]},"_coverageSchema":"1a1c01bbd47fc00a2c39e90264f33305004495a9","hash":"95255f93b92960b58516a499ba46dcec70e51b1a"}
,"C:\\Users\\HP USER\\Desktop\\hackjos\\backend\\src\\controllers\\authController.js": {"path":"C:\\Users\\HP USER\\Desktop\\hackjos\\backend\\src\\controllers\\authController.js","statementMap":{"0":{"start":{"line":6,"column":12},"end":{"line":6,"column":35}},"1":{"start":{"line":7,"column":17},"end":{"line":7,"column":36}},"2":{"start":{"line":8,"column":13},"end":{"line":8,"column":38}},"3":{"start":{"line":9,"column":17},"end":{"line":9,"column":46}},"4":{"start":{"line":10,"column":15},"end":{"line":10,"column":41}},"5":{"start":{"line":17,"column":22},"end":{"line":21,"column":1}},"6":{"start":{"line":18,"column":2},"end":{"line":20,"column":5}},"7":{"start":{"line":28,"column":0},"end":{"line":144,"column":2}},"8":{"start":{"line":29,"column":18},"end":{"line":29,"column":47}},"9":{"start":{"line":30,"column":2},"end":{"line":30,"column":29}},"10":{"start":{"line":32,"column":2},"end":{"line":143,"column":3}},"11":{"start":{"line":43,"column":8},"end":{"line":43,"column":16}},"12":{"start":{"line":46,"column":4},"end":{"line":53,"column":5}},"13":{"start":{"line":47,"column":6},"end":{"line":47,"column":39}},"14":{"start":{"line":48,"column":6},"end":{"line":48,"column":27}},"15":{"start":{"line":49,"column":6},"end":{"line":52,"column":9}},"16":{"start":{"line":56,"column":25},"end":{"line":56,"column":54}},"17":{"start":{"line":57,"column":4},"end":{"line":64,"column":5}},"18":{"start":{"line":58,"column":6},"end":{"line":58,"column":39}},"19":{"start":{"line":59,"column":6},"end":{"line":59,"column":27}},"20":{"start":{"line":60,"column":6},"end":{"line":63,"column":9}},"21":{"start":{"line":67,"column":21},"end":{"line":74,"column":6}},"22":{"start":{"line":77,"column":4},"end":{"line":77,"column":64}},"23":{"start":{"line":80,"column":21},"end":{"line":86,"column":6}},"24":{"start":{"line":88,"column":4},"end":{"line":88,"column":37}},"25":{"start":{"line":91,"column":4},"end":{"line":91,"column":37}},"26":{"start":{"line":92,"column":4},"end":{"line":92,"column":36}},"27":{"start":{"line":95,"column":4},"end":{"line":95,"column":63}},"28":{"start":{"line":98,"column":4},"end":{"line":98,"column":38}},"29":{"start":{"line":99,"column":4},"end":{"line":99,"column":25}},"30":{"start":{"line":102,"column":18},"end":{"line":102,"column":45}},"31":{"start":{"line":104,"column":4},"end":{"line":104,"column":49}},"32":{"start":{"line":107,"column":4},"end":{"line":115,"column":7}},"33":{"start":{"line":118,"column":4},"end":{"line":118,"column":37}},"34":{"start":{"line":119,"column":4},"end":{"line":119,"column":25}},"35":{"start":{"line":121,"column":4},"end":{"line":121,"column":47}},"36":{"start":{"line":124,"column":4},"end":{"line":131,"column":5}},"37":{"start":{"line":125,"column":23},"end":{"line":125,"column":74}},"38":{"start":{"line":125,"column":62},"end":{"line":125,"column":73}},"39":{"start":{"line":126,"column":6},"end":{"line":130,"column":9}},"40":{"start":{"line":134,"column":4},"end":{"line":140,"column":5}},"41":{"start":{"line":135,"column":20},"end":{"line":135,"column":52}},"42":{"start":{"line":136,"column":6},"end":{"line":139,"column":9}},"43":{"start":{"line":142,"column":4},"end":{"line":142,"column":16}},"44":{"start":{"line":151,"column":0},"end":{"line":235,"column":2}},"45":{"start":{"line":152,"column":2},"end":{"line":234,"column":3}},"46":{"start":{"line":153,"column":32},"end":{"line":153,"column":40}},"47":{"start":{"line":156,"column":4},"end":{"line":161,"column":5}},"48":{"start":{"line":157,"column":6},"end":{"line":160,"column":9}},"49":{"start":{"line":164,"column":17},"end":{"line":166,"column":27}},"50":{"start":{"line":169,"column":4},"end":{"line":174,"column":5}},"51":{"start":{"line":170,"column":6},"end":{"line":173,"column":9}},"52":{"start":{"line":177,"column":4},"end":{"line":182,"column":5}},"53":{"start":{"line":178,"column":6},"end":{"line":181,"column":9}},"54":{"start":{"line":185,"column":28},"end":{"line":185,"column":64}},"55":{"start":{"line":186,"column":4},"end":{"line":191,"column":5}},"56":{"start":{"line":187,"column":6},"end":{"line":190,"column":9}},"57":{"start":{"line":194,"column":4},"end":{"line":199,"column":5}},"58":{"start":{"line":195,"column":6},"end":{"line":198,"column":9}},"59":{"start":{"line":202,"column":4},"end":{"line":207,"column":5}},"60":{"start":{"line":203,"column":6},"end":{"line":206,"column":9}},"61":{"start":{"line":210,"column":18},"end":{"line":210,"column":41}},"62":{"start":{"line":213,"column":4},"end":{"line":213,"column":32}},"63":{"start":{"line":214,"column":4},"end":{"line":214,"column":22}},"64":{"start":{"line":216,"column":4},"end":{"line":216,"column":44}},"65":{"start":{"line":219,"column":4},"end":{"line":219,"column":30}},"66":{"start":{"line":222,"column":4},"end":{"line":230,"column":7}},"67":{"start":{"line":232,"column":4},"end":{"line":232,"column":40}},"68":{"start":{"line":233,"column":4},"end":{"line":233,"column":16}},"69":{"start":{"line":242,"column":0},"end":{"line":267,"column":2}},"70":{"start":{"line":243,"column":2},"end":{"line":266,"column":3}},"71":{"start":{"line":245,"column":17},"end":{"line":247,"column":26}},"72":{"start":{"line":249,"column":4},"end":{"line":254,"column":5}},"73":{"start":{"line":250,"column":6},"end":{"line":253,"column":9}},"74":{"start":{"line":256,"column":4},"end":{"line":262,"column":7}},"75":{"start":{"line":264,"column":4},"end":{"line":264,"column":41}},"76":{"start":{"line":265,"column":4},"end":{"line":265,"column":16}},"77":{"start":{"line":274,"column":0},"end":{"line":333,"column":2}},"78":{"start":{"line":275,"column":2},"end":{"line":332,"column":3}},"79":{"start":{"line":276,"column":45},"end":{"line":276,"column":53}},"80":{"start":{"line":279,"column":4},"end":{"line":284,"column":5}},"81":{"start":{"line":280,"column":6},"end":{"line":283,"column":9}},"82":{"start":{"line":287,"column":4},"end":{"line":292,"column":5}},"83":{"start":{"line":288,"column":6},"end":{"line":291,"column":9}},"84":{"start":{"line":295,"column":17},"end":{"line":295,"column":69}},"85":{"start":{"line":297,"column":4},"end":{"line":302,"column":5}},"86":{"start":{"line":298,"column":6},"end":{"line":301,"column":9}},"87":{"start":{"line":305,"column":28},"end":{"line":305,"column":71}},"88":{"start":{"line":306,"column":4},"end":{"line":311,"column":5}},"89":{"start":{"line":307,"column":6},"end":{"line":310,"column":9}},"90":{"start":{"line":314,"column":4},"end":{"line":314,"column":32}},"91":{"start":{"line":315,"column":4},"end":{"line":315,"column":22}},"92":{"start":{"line":318,"column":18},"end":{"line":318,"column":41}},"93":{"start":{"line":320,"column":4},"end":{"line":320,"column":60}},"94":{"start":{"line":322,"column":4},"end":{"line":328,"column":7}},"95":{"start":{"line":330,"column":4},"end":{"line":330,"column":50}},"96":{"start":{"line":331,"column":4},"end":{"line":331,"column":16}},"97":{"start":{"line":340,"column":0},"end":{"line":351,"column":2}},"98":{"start":{"line":341,"column":2},"end":{"line":350,"column":3}},"99":{"start":{"line":342,"column":4},"end":{"line":342,"column":54}},"100":{"start":{"line":344,"column":4},"end":{"line":347,"column":7}},"101":{"start":{"line":349,"column":4},"end":{"line":349,"column":16}}},"fnMap":{"0":{"name":"(anonymous_0)","decl":{"start":{"line":17,"column":22},"end":{"line":17,"column":23}},"loc":{"start":{"line":17,"column":30},"end":{"line":21,"column":1}},"line":17},"1":{"name":"(anonymous_1)","decl":{"start":{"line":28,"column":19},"end":{"line":28,"column":20}},"loc":{"start":{"line":28,"column":45},"end":{"line":144,"column":1}},"line":28},"2":{"name":"(anonymous_2)","decl":{"start":{"line":125,"column":55},"end":{"line":125,"column":56}},"loc":{"start":{"line":125,"column":62},"end":{"line":125,"column":73}},"line":125},"3":{"name":"(anonymous_3)","decl":{"start":{"line":151,"column":16},"end":{"line":151,"column":17}},"loc":{"start":{"line":151,"column":42},"end":{"line":235,"column":1}},"line":151},"4":{"name":"(anonymous_4)","decl":{"start":{"line":242,"column":16},"end":{"line":242,"column":17}},"loc":{"start":{"line":242,"column":42},"end":{"line":267,"column":1}},"line":242},"5":{"name":"(anonymous_5)","decl":{"start":{"line":274,"column":25},"end":{"line":274,"column":26}},"loc":{"start":{"line":274,"column":51},"end":{"line":333,"column":1}},"line":274},"6":{"name":"(anonymous_6)","decl":{"start":{"line":340,"column":17},"end":{"line":340,"column":18}},"loc":{"start":{"line":340,"column":43},"end":{"line":351,"column":1}},"line":340}},"branchMap":{"0":{"loc":{"start":{"line":19,"column":15},"end":{"line":19,"column":45}},"type":"binary-expr","locations":[{"start":{"line":19,"column":15},"end":{"line":19,"column":37}},{"start":{"line":19,"column":41},"end":{"line":19,"column":45}}],"line":19},"1":{"loc":{"start":{"line":46,"column":4},"end":{"line":53,"column":5}},"type":"if","locations":[{"start":{"line":46,"column":4},"end":{"line":53,"column":5}},{"start":{},"end":{}}],"line":46},"2":{"loc":{"start":{"line":46,"column":8},"end":{"line":46,"column":71}},"type":"binary-expr","locations":[{"start":{"line":46,"column":8},"end":{"line":46,"column":18}},{"start":{"line":46,"column":22},"end":{"line":46,"column":31}},{"start":{"line":46,"column":35},"end":{"line":46,"column":41}},{"start":{"line":46,"column":45},"end":{"line":46,"column":54}},{"start":{"line":46,"column":58},"end":{"line":46,"column":71}}],"line":46},"3":{"loc":{"start":{"line":57,"column":4},"end":{"line":64,"column":5}},"type":"if","locations":[{"start":{"line":57,"column":4},"end":{"line":64,"column":5}},{"start":{},"end":{}}],"line":57},"4":{"loc":{"start":{"line":82,"column":16},"end":{"line":82,"column":35}},"type":"binary-expr","locations":[{"start":{"line":82,"column":16},"end":{"line":82,"column":24}},{"start":{"line":82,"column":28},"end":{"line":82,"column":35}}],"line":82},"5":{"loc":{"start":{"line":83,"column":13},"end":{"line":83,"column":35}},"type":"binary-expr","locations":[{"start":{"line":83,"column":13},"end":{"line":83,"column":26}},{"start":{"line":83,"column":30},"end":{"line":83,"column":35}}],"line":83},"6":{"loc":{"start":{"line":84,"column":13},"end":{"line":84,"column":35}},"type":"binary-expr","locations":[{"start":{"line":84,"column":13},"end":{"line":84,"column":26}},{"start":{"line":84,"column":30},"end":{"line":84,"column":35}}],"line":84},"7":{"loc":{"start":{"line":124,"column":4},"end":{"line":131,"column":5}},"type":"if","locations":[{"start":{"line":124,"column":4},"end":{"line":131,"column":5}},{"start":{},"end":{}}],"line":124},"8":{"loc":{"start":{"line":134,"column":4},"end":{"line":140,"column":5}},"type":"if","locations":[{"start":{"line":134,"column":4},"end":{"line":140,"column":5}},{"start":{},"end":{}}],"line":134},"9":{"loc":{"start":{"line":156,"column":4},"end":{"line":161,"column":5}},"type":"if","locations":[{"start":{"line":156,"column":4},"end":{"line":161,"column":5}},{"start":{},"end":{}}],"line":156},"10":{"loc":{"start":{"line":156,"column":8},"end":{"line":156,"column":27}},"type":"binary-expr","locations":[{"start":{"line":156,"column":8},"end":{"line":156,"column":14}},{"start":{"line":156,"column":18},"end":{"line":156,"column":27}}],"line":156},"11":{"loc":{"start":{"line":169,"column":4},"end":{"line":174,"column":5}},"type":"if","locations":[{"start":{"line":169,"column":4},"end":{"line":174,"column":5}},{"start":{},"end":{}}],"line":169},"12":{"loc":{"start":{"line":177,"column":4},"end":{"line":182,"column":5}},"type":"if","locations":[{"start":{"line":177,"column":4},"end":{"line":182,"column":5}},{"start":{},"end":{}}],"line":177},"13":{"loc":{"start":{"line":186,"column":4},"end":{"line":191,"column":5}},"type":"if","locations":[{"start":{"line":186,"column":4},"end":{"line":191,"column":5}},{"start":{},"end":{}}],"line":186},"14":{"loc":{"start":{"line":194,"column":4},"end":{"line":199,"column":5}},"type":"if","locations":[{"start":{"line":194,"column":4},"end":{"line":199,"column":5}},{"start":{},"end":{}}],"line":194},"15":{"loc":{"start":{"line":202,"column":4},"end":{"line":207,"column":5}},"type":"if","locations":[{"start":{"line":202,"column":4},"end":{"line":207,"column":5}},{"start":{},"end":{}}],"line":202},"16":{"loc":{"start":{"line":249,"column":4},"end":{"line":254,"column":5}},"type":"if","locations":[{"start":{"line":249,"column":4},"end":{"line":254,"column":5}},{"start":{},"end":{}}],"line":249},"17":{"loc":{"start":{"line":260,"column":18},"end":{"line":260,"column":72}},"type":"cond-expr","locations":[{"start":{"line":260,"column":34},"end":{"line":260,"column":65}},{"start":{"line":260,"column":68},"end":{"line":260,"column":72}}],"line":260},"18":{"loc":{"start":{"line":279,"column":4},"end":{"line":284,"column":5}},"type":"if","locations":[{"start":{"line":279,"column":4},"end":{"line":284,"column":5}},{"start":{},"end":{}}],"line":279},"19":{"loc":{"start":{"line":279,"column":8},"end":{"line":279,"column":40}},"type":"binary-expr","locations":[{"start":{"line":279,"column":8},"end":{"line":279,"column":24}},{"start":{"line":279,"column":28},"end":{"line":279,"column":40}}],"line":279},"20":{"loc":{"start":{"line":287,"column":4},"end":{"line":292,"column":5}},"type":"if","locations":[{"start":{"line":287,"column":4},"end":{"line":292,"column":5}},{"start":{},"end":{}}],"line":287},"21":{"loc":{"start":{"line":297,"column":4},"end":{"line":302,"column":5}},"type":"if","locations":[{"start":{"line":297,"column":4},"end":{"line":302,"column":5}},{"start":{},"end":{}}],"line":297},"22":{"loc":{"start":{"line":306,"column":4},"end":{"line":311,"column":5}},"type":"if","locations":[{"start":{"line":306,"column":4},"end":{"line":311,"column":5}},{"start":{},"end":{}}],"line":306}},"s":{"0":1,"1":1,"2":1,"3":1,"4":1,"5":1,"6":0,"7":1,"8":0,"9":0,"10":0,"11":0,"12":0,"13":0,"14":0,"15":0,"16":0,"17":0,"18":0,"19":0,"20":0,"21":0,"22":0,"23":0,"24":0,"25":0,"26":0,"27":0,"28":0,"29":0,"30":0,"31":0,"32":0,"33":0,"34":0,"35":0,"36":0,"37":0,"38":0,"39":0,"40":0,"41":0,"42":0,"43":0,"44":1,"45":0,"46":0,"47":0,"48":0,"49":0,"50":0,"51":0,"52":0,"53":0,"54":0,"55":0,"56":0,"57":0,"58":0,"59":0,"60":0,"61":0,"62":0,"63":0,"64":0,"65":0,"66":0,"67":0,"68":0,"69":1,"70":0,"71":0,"72":0,"73":0,"74":0,"75":0,"76":0,"77":1,"78":0,"79":0,"80":0,"81":0,"82":0,"83":0,"84":0,"85":0,"86":0,"87":0,"88":0,"89":0,"90":0,"91":0,"92":0,"93":0,"94":0,"95":0,"96":0,"97":1,"98":0,"99":0,"100":0,"101":0},"f":{"0":0,"1":0,"2":0,"3":0,"4":0,"5":0,"6":0},"b":{"0":[0,0],"1":[0,0],"2":[0,0,0,0,0],"3":[0,0],"4":[0,0],"5":[0,0],"6":[0,0],"7":[0,0],"8":[0,0],"9":[0,0],"10":[0,0],"11":[0,0],"12":[0,0],"13":[0,0],"14":[0,0],"15":[0,0],"16":[0,0],"17":[0,0],"18":[0,0],"19":[0,0],"20":[0,0],"21":[0,0],"22":[0,0]},"_coverageSchema":"1a1c01bbd47fc00a2c39e90264f33305004495a9","hash":"1a12ba6dbb974f749f722b9fc18a633aa6fd5a81"}
,"C:\\Users\\HP USER\\Desktop\\hackjos\\backend\\src\\controllers\\healthController.js": {"path":"C:\\Users\\HP USER\\Desktop\\hackjos\\backend\\src\\controllers\\healthController.js","statementMap":{"0":{"start":{"line":6,"column":17},"end":{"line":6,"column":36}},"1":{"start":{"line":13,"column":0},"end":{"line":21,"column":2}},"2":{"start":{"line":14,"column":2},"end":{"line":20,"column":5}},"3":{"start":{"line":28,"column":0},"end":{"line":72,"column":2}},"4":{"start":{"line":29,"column":2},"end":{"line":71,"column":3}},"5":{"start":{"line":31,"column":20},"end":{"line":31,"column":50}},"6":{"start":{"line":32,"column":19},"end":{"line":37,"column":5}},"7":{"start":{"line":40,"column":4},"end":{"line":63,"column":5}},"8":{"start":{"line":41,"column":6},"end":{"line":41,"column":50}},"9":{"start":{"line":43,"column":6},"end":{"line":53,"column":9}},"10":{"start":{"line":55,"column":6},"end":{"line":62,"column":9}},"11":{"start":{"line":65,"column":4},"end":{"line":70,"column":7}}},"fnMap":{"0":{"name":"(anonymous_0)","decl":{"start":{"line":13,"column":22},"end":{"line":13,"column":23}},"loc":{"start":{"line":13,"column":36},"end":{"line":21,"column":1}},"line":13},"1":{"name":"(anonymous_1)","decl":{"start":{"line":28,"column":25},"end":{"line":28,"column":26}},"loc":{"start":{"line":28,"column":45},"end":{"line":72,"column":1}},"line":28}},"branchMap":{"0":{"loc":{"start":{"line":40,"column":4},"end":{"line":63,"column":5}},"type":"if","locations":[{"start":{"line":40,"column":4},"end":{"line":63,"column":5}},{"start":{"line":54,"column":11},"end":{"line":63,"column":5}}],"line":40}},"s":{"0":1,"1":1,"2":0,"3":1,"4":0,"5":0,"6":0,"7":0,"8":0,"9":0,"10":0,"11":0},"f":{"0":0,"1":0},"b":{"0":[0,0]},"_coverageSchema":"1a1c01bbd47fc00a2c39e90264f33305004495a9","hash":"48d7f9c09d02106e62c822520038aab010bd3183"}
,"C:\\Users\\HP USER\\Desktop\\hackjos\\backend\\src\\middleware\\auth.js": {"path":"C:\\Users\\HP USER\\Desktop\\hackjos\\backend\\src\\middleware\\auth.js","statementMap":{"0":{"start":{"line":6,"column":12},"end":{"line":6,"column":35}},"1":{"start":{"line":7,"column":13},"end":{"line":7,"column":38}},"2":{"start":{"line":8,"column":15},"end":{"line":8,"column":41}},"3":{"start":{"line":13,"column":0},"end":{"line":72,"column":2}},"4":{"start":{"line":14,"column":2},"end":{"line":71,"column":3}},"5":{"start":{"line":18,"column":4},"end":{"line":24,"column":5}},"6":{"start":{"line":23,"column":6},"end":{"line":23,"column":54}},"7":{"start":{"line":27,"column":4},"end":{"line":32,"column":5}},"8":{"start":{"line":28,"column":6},"end":{"line":31,"column":9}},"9":{"start":{"line":34,"column":4},"end":{"line":68,"column":5}},"10":{"start":{"line":36,"column":22},"end":{"line":36,"column":63}},"11":{"start":{"line":39,"column":19},"end":{"line":41,"column":28}},"12":{"start":{"line":44,"column":6},"end":{"line":49,"column":7}},"13":{"start":{"line":45,"column":8},"end":{"line":48,"column":11}},"14":{"start":{"line":52,"column":6},"end":{"line":57,"column":7}},"15":{"start":{"line":53,"column":8},"end":{"line":56,"column":11}},"16":{"start":{"line":60,"column":6},"end":{"line":60,"column":22}},"17":{"start":{"line":61,"column":6},"end":{"line":61,"column":13}},"18":{"start":{"line":63,"column":6},"end":{"line":63,"column":64}},"19":{"start":{"line":64,"column":6},"end":{"line":67,"column":9}},"20":{"start":{"line":70,"column":4},"end":{"line":70,"column":16}},"21":{"start":{"line":78,"column":0},"end":{"line":88,"column":2}},"22":{"start":{"line":79,"column":2},"end":{"line":87,"column":4}},"23":{"start":{"line":80,"column":4},"end":{"line":85,"column":5}},"24":{"start":{"line":81,"column":6},"end":{"line":84,"column":9}},"25":{"start":{"line":86,"column":4},"end":{"line":86,"column":11}},"26":{"start":{"line":94,"column":0},"end":{"line":122,"column":2}},"27":{"start":{"line":95,"column":2},"end":{"line":121,"column":3}},"28":{"start":{"line":98,"column":4},"end":{"line":103,"column":5}},"29":{"start":{"line":102,"column":6},"end":{"line":102,"column":54}},"30":{"start":{"line":105,"column":4},"end":{"line":116,"column":5}},"31":{"start":{"line":106,"column":6},"end":{"line":115,"column":7}},"32":{"start":{"line":107,"column":24},"end":{"line":107,"column":65}},"33":{"start":{"line":108,"column":21},"end":{"line":108,"column":72}},"34":{"start":{"line":109,"column":8},"end":{"line":111,"column":9}},"35":{"start":{"line":110,"column":10},"end":{"line":110,"column":26}},"36":{"start":{"line":114,"column":8},"end":{"line":114,"column":53}},"37":{"start":{"line":118,"column":4},"end":{"line":118,"column":11}},"38":{"start":{"line":120,"column":4},"end":{"line":120,"column":16}}},"fnMap":{"0":{"name":"(anonymous_0)","decl":{"start":{"line":13,"column":18},"end":{"line":13,"column":19}},"loc":{"start":{"line":13,"column":44},"end":{"line":72,"column":1}},"line":13},"1":{"name":"(anonymous_1)","decl":{"start":{"line":78,"column":20},"end":{"line":78,"column":21}},"loc":{"start":{"line":78,"column":34},"end":{"line":88,"column":1}},"line":78},"2":{"name":"(anonymous_2)","decl":{"start":{"line":79,"column":9},"end":{"line":79,"column":10}},"loc":{"start":{"line":79,"column":29},"end":{"line":87,"column":3}},"line":79},"3":{"name":"(anonymous_3)","decl":{"start":{"line":94,"column":23},"end":{"line":94,"column":24}},"loc":{"start":{"line":94,"column":49},"end":{"line":122,"column":1}},"line":94}},"branchMap":{"0":{"loc":{"start":{"line":18,"column":4},"end":{"line":24,"column":5}},"type":"if","locations":[{"start":{"line":18,"column":4},"end":{"line":24,"column":5}},{"start":{},"end":{}}],"line":18},"1":{"loc":{"start":{"line":19,"column":6},"end":{"line":20,"column":52}},"type":"binary-expr","locations":[{"start":{"line":19,"column":6},"end":{"line":19,"column":31}},{"start":{"line":20,"column":6},"end":{"line":20,"column":52}}],"line":19},"2":{"loc":{"start":{"line":27,"column":4},"end":{"line":32,"column":5}},"type":"if","locations":[{"start":{"line":27,"column":4},"end":{"line":32,"column":5}},{"start":{},"end":{}}],"line":27},"3":{"loc":{"start":{"line":44,"column":6},"end":{"line":49,"column":7}},"type":"if","locations":[{"start":{"line":44,"column":6},"end":{"line":49,"column":7}},{"start":{},"end":{}}],"line":44},"4":{"loc":{"start":{"line":52,"column":6},"end":{"line":57,"column":7}},"type":"if","locations":[{"start":{"line":52,"column":6},"end":{"line":57,"column":7}},{"start":{},"end":{}}],"line":52},"5":{"loc":{"start":{"line":80,"column":4},"end":{"line":85,"column":5}},"type":"if","locations":[{"start":{"line":80,"column":4},"end":{"line":85,"column":5}},{"start":{},"end":{}}],"line":80},"6":{"loc":{"start":{"line":98,"column":4},"end":{"line":103,"column":5}},"type":"if","locations":[{"start":{"line":98,"column":4},"end":{"line":103,"column":5}},{"start":{},"end":{}}],"line":98},"7":{"loc":{"start":{"line":99,"column":6},"end":{"line":100,"column":52}},"type":"binary-expr","locations":[{"start":{"line":99,"column":6},"end":{"line":99,"column":31}},{"start":{"line":100,"column":6},"end":{"line":100,"column":52}}],"line":99},"8":{"loc":{"start":{"line":105,"column":4},"end":{"line":116,"column":5}},"type":"if","locations":[{"start":{"line":105,"column":4},"end":{"line":116,"column":5}},{"start":{},"end":{}}],"line":105},"9":{"loc":{"start":{"line":109,"column":8},"end":{"line":111,"column":9}},"type":"if","locations":[{"start":{"line":109,"column":8},"end":{"line":111,"column":9}},{"start":{},"end":{}}],"line":109},"10":{"loc":{"start":{"line":109,"column":12},"end":{"line":109,"column":33}},"type":"binary-expr","locations":[{"start":{"line":109,"column":12},"end":{"line":109,"column":16}},{"start":{"line":109,"column":20},"end":{"line":109,"column":33}}],"line":109}},"s":{"0":1,"1":1,"2":1,"3":1,"4":0,"5":0,"6":0,"7":0,"8":0,"9":0,"10":0,"11":0,"12":0,"13":0,"14":0,"15":0,"16":0,"17":0,"18":0,"19":0,"20":0,"21":1,"22":0,"23":0,"24":0,"25":0,"26":1,"27":0,"28":0,"29":0,"30":0,"31":0,"32":0,"33":0,"34":0,"35":0,"36":0,"37":0,"38":0},"f":{"0":0,"1":0,"2":0,"3":0},"b":{"0":[0,0],"1":[0,0],"2":[0,0],"3":[0,0],"4":[0,0],"5":[0,0],"6":[0,0],"7":[0,0],"8":[0,0],"9":[0,0],"10":[0,0]},"_coverageSchema":"1a1c01bbd47fc00a2c39e90264f33305004495a9","hash":"81fcd03d6aaccdd8cfa2928f917c656a723154cb"}
,"C:\\Users\\HP USER\\Desktop\\hackjos\\backend\\src\\middleware\\errorHandler.js": {"path":"C:\\Users\\HP USER\\Desktop\\hackjos\\backend\\src\\middleware\\errorHandler.js","statementMap":{"0":{"start":{"line":8,"column":15},"end":{"line":8,"column":41}},"1":{"start":{"line":18,"column":21},"end":{"line":72,"column":1}},"2":{"start":{"line":20,"column":2},"end":{"line":25,"column":5}},"3":{"start":{"line":28,"column":19},"end":{"line":28,"column":40}},"4":{"start":{"line":29,"column":16},"end":{"line":29,"column":54}},"5":{"start":{"line":32,"column":2},"end":{"line":37,"column":3}},"6":{"start":{"line":33,"column":4},"end":{"line":33,"column":21}},"7":{"start":{"line":34,"column":4},"end":{"line":36,"column":18}},"8":{"start":{"line":35,"column":16},"end":{"line":35,"column":25}},"9":{"start":{"line":40,"column":2},"end":{"line":44,"column":3}},"10":{"start":{"line":41,"column":4},"end":{"line":41,"column":21}},"11":{"start":{"line":42,"column":18},"end":{"line":42,"column":48}},"12":{"start":{"line":43,"column":4},"end":{"line":43,"column":40}},"13":{"start":{"line":47,"column":2},"end":{"line":50,"column":3}},"14":{"start":{"line":48,"column":4},"end":{"line":48,"column":21}},"15":{"start":{"line":49,"column":4},"end":{"line":49,"column":50}},"16":{"start":{"line":53,"column":2},"end":{"line":56,"column":3}},"17":{"start":{"line":54,"column":4},"end":{"line":54,"column":21}},"18":{"start":{"line":55,"column":4},"end":{"line":55,"column":30}},"19":{"start":{"line":58,"column":2},"end":{"line":61,"column":3}},"20":{"start":{"line":59,"column":4},"end":{"line":59,"column":21}},"21":{"start":{"line":60,"column":4},"end":{"line":60,"column":30}},"22":{"start":{"line":64,"column":2},"end":{"line":71,"column":5}},"23":{"start":{"line":74,"column":0},"end":{"line":74,"column":30}}},"fnMap":{"0":{"name":"(anonymous_0)","decl":{"start":{"line":18,"column":21},"end":{"line":18,"column":22}},"loc":{"start":{"line":18,"column":46},"end":{"line":72,"column":1}},"line":18},"1":{"name":"(anonymous_1)","decl":{"start":{"line":35,"column":11},"end":{"line":35,"column":12}},"loc":{"start":{"line":35,"column":16},"end":{"line":35,"column":25}},"line":35}},"branchMap":{"0":{"loc":{"start":{"line":28,"column":19},"end":{"line":28,"column":40}},"type":"binary-expr","locations":[{"start":{"line":28,"column":19},"end":{"line":28,"column":33}},{"start":{"line":28,"column":37},"end":{"line":28,"column":40}}],"line":28},"1":{"loc":{"start":{"line":29,"column":16},"end":{"line":29,"column":54}},"type":"binary-expr","locations":[{"start":{"line":29,"column":16},"end":{"line":29,"column":27}},{"start":{"line":29,"column":31},"end":{"line":29,"column":54}}],"line":29},"2":{"loc":{"start":{"line":32,"column":2},"end":{"line":37,"column":3}},"type":"if","locations":[{"start":{"line":32,"column":2},"end":{"line":37,"column":3}},{"start":{},"end":{}}],"line":32},"3":{"loc":{"start":{"line":40,"column":2},"end":{"line":44,"column":3}},"type":"if","locations":[{"start":{"line":40,"column":2},"end":{"line":44,"column":3}},{"start":{},"end":{}}],"line":40},"4":{"loc":{"start":{"line":47,"column":2},"end":{"line":50,"column":3}},"type":"if","locations":[{"start":{"line":47,"column":2},"end":{"line":50,"column":3}},{"start":{},"end":{}}],"line":47},"5":{"loc":{"start":{"line":53,"column":2},"end":{"line":56,"column":3}},"type":"if","locations":[{"start":{"line":53,"column":2},"end":{"line":56,"column":3}},{"start":{},"end":{}}],"line":53},"6":{"loc":{"start":{"line":58,"column":2},"end":{"line":61,"column":3}},"type":"if","locations":[{"start":{"line":58,"column":2},"end":{"line":61,"column":3}},{"start":{},"end":{}}],"line":58},"7":{"loc":{"start":{"line":67,"column":8},"end":{"line":70,"column":5}},"type":"binary-expr","locations":[{"start":{"line":67,"column":8},"end":{"line":67,"column":46}},{"start":{"line":67,"column":50},"end":{"line":70,"column":5}}],"line":67}},"s":{"0":1,"1":1,"2":0,"3":0,"4":0,"5":0,"6":0,"7":0,"8":0,"9":0,"10":0,"11":0,"12":0,"13":0,"14":0,"15":0,"16":0,"17":0,"18":0,"19":0,"20":0,"21":0,"22":0,"23":1},"f":{"0":0,"1":0},"b":{"0":[0,0],"1":[0,0],"2":[0,0],"3":[0,0],"4":[0,0],"5":[0,0],"6":[0,0],"7":[0,0]},"_coverageSchema":"1a1c01bbd47fc00a2c39e90264f33305004495a9","hash":"c605e1c82e8c67b6eeebf92c1ddf24e1f324abe4"}
,"C:\\Users\\HP USER\\Desktop\\hackjos\\backend\\src\\middleware\\rateLimiter.js": {"path":"C:\\Users\\HP USER\\Desktop\\hackjos\\backend\\src\\middleware\\rateLimiter.js","statementMap":{"0":{"start":{"line":6,"column":18},"end":{"line":6,"column":47}},"1":{"start":{"line":7,"column":15},"end":{"line":7,"column":41}},"2":{"start":{"line":13,"column":0},"end":{"line":29,"column":3}},"3":{"start":{"line":23,"column":4},"end":{"line":23,"column":57}},"4":{"start":{"line":24,"column":4},"end":{"line":27,"column":7}},"5":{"start":{"line":35,"column":0},"end":{"line":50,"column":3}},"6":{"start":{"line":44,"column":4},"end":{"line":44,"column":62}},"7":{"start":{"line":45,"column":4},"end":{"line":48,"column":7}},"8":{"start":{"line":56,"column":0},"end":{"line":70,"column":3}},"9":{"start":{"line":64,"column":4},"end":{"line":64,"column":70}},"10":{"start":{"line":65,"column":4},"end":{"line":68,"column":7}}},"fnMap":{"0":{"name":"(anonymous_0)","decl":{"start":{"line":22,"column":11},"end":{"line":22,"column":12}},"loc":{"start":{"line":22,"column":25},"end":{"line":28,"column":3}},"line":22},"1":{"name":"(anonymous_1)","decl":{"start":{"line":43,"column":11},"end":{"line":43,"column":12}},"loc":{"start":{"line":43,"column":25},"end":{"line":49,"column":3}},"line":43},"2":{"name":"(anonymous_2)","decl":{"start":{"line":63,"column":11},"end":{"line":63,"column":12}},"loc":{"start":{"line":63,"column":25},"end":{"line":69,"column":3}},"line":63}},"branchMap":{},"s":{"0":1,"1":1,"2":1,"3":0,"4":0,"5":1,"6":0,"7":0,"8":1,"9":0,"10":0},"f":{"0":0,"1":0,"2":0},"b":{},"_coverageSchema":"1a1c01bbd47fc00a2c39e90264f33305004495a9","hash":"a375a13635e2f2cea533a93b369a2aa7651d56fc"}
,"C:\\Users\\HP USER\\Desktop\\hackjos\\backend\\src\\middleware\\validation.js": {"path":"C:\\Users\\HP USER\\Desktop\\hackjos\\backend\\src\\middleware\\validation.js","statementMap":{"0":{"start":{"line":6,"column":35},"end":{"line":6,"column":63}},"1":{"start":{"line":11,"column":0},"end":{"line":26,"column":2}},"2":{"start":{"line":12,"column":17},"end":{"line":12,"column":38}},"3":{"start":{"line":14,"column":2},"end":{"line":23,"column":3}},"4":{"start":{"line":15,"column":4},"end":{"line":22,"column":7}},"5":{"start":{"line":18,"column":41},"end":{"line":21,"column":7}},"6":{"start":{"line":25,"column":2},"end":{"line":25,"column":9}},"7":{"start":{"line":31,"column":0},"end":{"line":63,"column":2}},"8":{"start":{"line":68,"column":0},"end":{"line":77,"column":2}}},"fnMap":{"0":{"name":"(anonymous_0)","decl":{"start":{"line":11,"column":19},"end":{"line":11,"column":20}},"loc":{"start":{"line":11,"column":39},"end":{"line":26,"column":1}},"line":11},"1":{"name":"(anonymous_1)","decl":{"start":{"line":18,"column":33},"end":{"line":18,"column":34}},"loc":{"start":{"line":18,"column":41},"end":{"line":21,"column":7}},"line":18}},"branchMap":{"0":{"loc":{"start":{"line":14,"column":2},"end":{"line":23,"column":3}},"type":"if","locations":[{"start":{"line":14,"column":2},"end":{"line":23,"column":3}},{"start":{},"end":{}}],"line":14}},"s":{"0":1,"1":1,"2":0,"3":0,"4":0,"5":0,"6":0,"7":1,"8":1},"f":{"0":0,"1":0},"b":{"0":[0,0]},"_coverageSchema":"1a1c01bbd47fc00a2c39e90264f33305004495a9","hash":"54c1910e3617849043ae55aa572399741315b748"}
,"C:\\Users\\HP USER\\Desktop\\hackjos\\backend\\src\\models\\Business.js": {"path":"C:\\Users\\HP USER\\Desktop\\hackjos\\backend\\src\\models\\Business.js","statementMap":{"0":{"start":{"line":6,"column":17},"end":{"line":6,"column":36}},"1":{"start":{"line":8,"column":23},"end":{"line":150,"column":1}},"2":{"start":{"line":156,"column":0},"end":{"line":171,"column":2}},"3":{"start":{"line":157,"column":2},"end":{"line":170,"column":4}},"4":{"start":{"line":174,"column":0},"end":{"line":174,"column":35}},"5":{"start":{"line":175,"column":0},"end":{"line":175,"column":34}},"6":{"start":{"line":177,"column":0},"end":{"line":177,"column":60}}},"fnMap":{"0":{"name":"(anonymous_0)","decl":{"start":{"line":156,"column":41},"end":{"line":156,"column":42}},"loc":{"start":{"line":156,"column":53},"end":{"line":171,"column":1}},"line":156}},"branchMap":{},"s":{"0":1,"1":1,"2":1,"3":0,"4":1,"5":1,"6":1},"f":{"0":0},"b":{},"_coverageSchema":"1a1c01bbd47fc00a2c39e90264f33305004495a9","hash":"4d51558946c5575c39cf64bb5fb2f98a50e78443"}
,"C:\\Users\\HP USER\\Desktop\\hackjos\\backend\\src\\models\\User.js": {"path":"C:\\Users\\HP USER\\Desktop\\hackjos\\backend\\src\\models\\User.js","statementMap":{"0":{"start":{"line":6,"column":17},"end":{"line":6,"column":36}},"1":{"start":{"line":7,"column":15},"end":{"line":7,"column":34}},"2":{"start":{"line":9,"column":19},"end":{"line":85,"column":1}},"3":{"start":{"line":91,"column":0},"end":{"line":109,"column":3}},"4":{"start":{"line":93,"column":2},"end":{"line":95,"column":3}},"5":{"start":{"line":94,"column":4},"end":{"line":94,"column":18}},"6":{"start":{"line":97,"column":2},"end":{"line":108,"column":3}},"7":{"start":{"line":99,"column":17},"end":{"line":101,"column":5}},"8":{"start":{"line":104,"column":4},"end":{"line":104,"column":59}},"9":{"start":{"line":105,"column":4},"end":{"line":105,"column":11}},"10":{"start":{"line":107,"column":4},"end":{"line":107,"column":16}},"11":{"start":{"line":116,"column":0},"end":{"line":118,"column":2}},"12":{"start":{"line":117,"column":2},"end":{"line":117,"column":64}},"13":{"start":{"line":124,"column":0},"end":{"line":126,"column":2}},"14":{"start":{"line":125,"column":2},"end":{"line":125,"column":46}},"15":{"start":{"line":132,"column":0},"end":{"line":145,"column":2}},"16":{"start":{"line":133,"column":2},"end":{"line":144,"column":4}},"17":{"start":{"line":148,"column":0},"end":{"line":148,"column":31}},"18":{"start":{"line":149,"column":0},"end":{"line":149,"column":34}},"19":{"start":{"line":151,"column":0},"end":{"line":151,"column":52}}},"fnMap":{"0":{"name":"(anonymous_0)","decl":{"start":{"line":91,"column":23},"end":{"line":91,"column":24}},"loc":{"start":{"line":91,"column":45},"end":{"line":109,"column":1}},"line":91},"1":{"name":"(anonymous_1)","decl":{"start":{"line":116,"column":37},"end":{"line":116,"column":38}},"loc":{"start":{"line":116,"column":72},"end":{"line":118,"column":1}},"line":116},"2":{"name":"(anonymous_2)","decl":{"start":{"line":124,"column":33},"end":{"line":124,"column":34}},"loc":{"start":{"line":124,"column":45},"end":{"line":126,"column":1}},"line":124},"3":{"name":"(anonymous_3)","decl":{"start":{"line":132,"column":37},"end":{"line":132,"column":38}},"loc":{"start":{"line":132,"column":49},"end":{"line":145,"column":1}},"line":132}},"branchMap":{"0":{"loc":{"start":{"line":93,"column":2},"end":{"line":95,"column":3}},"type":"if","locations":[{"start":{"line":93,"column":2},"end":{"line":95,"column":3}},{"start":{},"end":{}}],"line":93},"1":{"loc":{"start":{"line":100,"column":6},"end":{"line":100,"column":52}},"type":"binary-expr","locations":[{"start":{"line":100,"column":6},"end":{"line":100,"column":46}},{"start":{"line":100,"column":50},"end":{"line":100,"column":52}}],"line":100}},"s":{"0":1,"1":1,"2":1,"3":1,"4":0,"5":0,"6":0,"7":0,"8":0,"9":0,"10":0,"11":1,"12":0,"13":1,"14":0,"15":1,"16":0,"17":1,"18":1,"19":1},"f":{"0":0,"1":0,"2":0,"3":0},"b":{"0":[0,0],"1":[0,0]},"_coverageSchema":"1a1c01bbd47fc00a2c39e90264f33305004495a9","hash":"3d7109ba1c6d690b7af7f3881df6fa223295cf50"}
,"C:\\Users\\HP USER\\Desktop\\hackjos\\backend\\src\\routes\\authRoutes.js": {"path":"C:\\Users\\HP USER\\Desktop\\hackjos\\backend\\src\\routes\\authRoutes.js","statementMap":{"0":{"start":{"line":5,"column":16},"end":{"line":5,"column":34}},"1":{"start":{"line":6,"column":23},"end":{"line":6,"column":63}},"2":{"start":{"line":7,"column":20},"end":{"line":7,"column":49}},"3":{"start":{"line":12,"column":4},"end":{"line":12,"column":39}},"4":{"start":{"line":16,"column":4},"end":{"line":16,"column":40}},"5":{"start":{"line":18,"column":15},"end":{"line":18,"column":31}},"6":{"start":{"line":25,"column":0},"end":{"line":31,"column":2}},"7":{"start":{"line":34,"column":0},"end":{"line":40,"column":2}},"8":{"start":{"line":47,"column":0},"end":{"line":47,"column":49}},"9":{"start":{"line":50,"column":0},"end":{"line":50,"column":71}},"10":{"start":{"line":53,"column":0},"end":{"line":53,"column":55}},"11":{"start":{"line":55,"column":0},"end":{"line":55,"column":24}}},"fnMap":{},"branchMap":{},"s":{"0":1,"1":1,"2":1,"3":1,"4":1,"5":1,"6":1,"7":1,"8":1,"9":1,"10":1,"11":1},"f":{},"b":{},"_coverageSchema":"1a1c01bbd47fc00a2c39e90264f33305004495a9","hash":"06de4195c083d535319b7945798f95d2a07b9b0b"}
,"C:\\Users\\HP USER\\Desktop\\hackjos\\backend\\src\\routes\\index.js": {"path":"C:\\Users\\HP USER\\Desktop\\hackjos\\backend\\src\\routes\\index.js","statementMap":{"0":{"start":{"line":6,"column":16},"end":{"line":6,"column":34}},"1":{"start":{"line":7,"column":25},"end":{"line":7,"column":67}},"2":{"start":{"line":8,"column":19},"end":{"line":8,"column":42}},"3":{"start":{"line":10,"column":15},"end":{"line":10,"column":31}},"4":{"start":{"line":15,"column":0},"end":{"line":15,"column":52}},"5":{"start":{"line":16,"column":0},"end":{"line":16,"column":58}},"6":{"start":{"line":21,"column":0},"end":{"line":21,"column":32}},"7":{"start":{"line":30,"column":0},"end":{"line":30,"column":24}}},"fnMap":{},"branchMap":{},"s":{"0":1,"1":1,"2":1,"3":1,"4":1,"5":1,"6":1,"7":1},"f":{},"b":{},"_coverageSchema":"1a1c01bbd47fc00a2c39e90264f33305004495a9","hash":"8874b7cdf7b8bf321a83dbb8883e2e4e849efbe0"}
,"C:\\Users\\HP USER\\Desktop\\hackjos\\backend\\src\\scripts\\createIndexes.js": {"path":"C:\\Users\\HP USER\\Desktop\\hackjos\\backend\\src\\scripts\\createIndexes.js","statementMap":{"0":{"start":{"line":6,"column":0},"end":{"line":6,"column":27}},"1":{"start":{"line":7,"column":17},"end":{"line":7,"column":36}},"2":{"start":{"line":8,"column":13},"end":{"line":8,"column":38}},"3":{"start":{"line":9,"column":17},"end":{"line":9,"column":46}},"4":{"start":{"line":10,"column":15},"end":{"line":10,"column":41}},"5":{"start":{"line":12,"column":22},"end":{"line":38,"column":1}},"6":{"start":{"line":13,"column":2},"end":{"line":37,"column":3}},"7":{"start":{"line":15,"column":4},"end":{"line":15,"column":52}},"8":{"start":{"line":16,"column":4},"end":{"line":16,"column":40}},"9":{"start":{"line":19,"column":4},"end":{"line":19,"column":70}},"10":{"start":{"line":20,"column":4},"end":{"line":20,"column":55}},"11":{"start":{"line":21,"column":4},"end":{"line":21,"column":55}},"12":{"start":{"line":22,"column":4},"end":{"line":22,"column":51}},"13":{"start":{"line":23,"column":4},"end":{"line":23,"column":43}},"14":{"start":{"line":26,"column":4},"end":{"line":26,"column":56}},"15":{"start":{"line":27,"column":4},"end":{"line":27,"column":55}},"16":{"start":{"line":28,"column":4},"end":{"line":28,"column":59}},"17":{"start":{"line":29,"column":4},"end":{"line":29,"column":69}},"18":{"start":{"line":30,"column":4},"end":{"line":30,"column":47}},"19":{"start":{"line":32,"column":4},"end":{"line":32,"column":55}},"20":{"start":{"line":33,"column":4},"end":{"line":33,"column":20}},"21":{"start":{"line":35,"column":4},"end":{"line":35,"column":51}},"22":{"start":{"line":36,"column":4},"end":{"line":36,"column":20}},"23":{"start":{"line":40,"column":0},"end":{"line":40,"column":16}}},"fnMap":{"0":{"name":"(anonymous_0)","decl":{"start":{"line":12,"column":22},"end":{"line":12,"column":23}},"loc":{"start":{"line":12,"column":34},"end":{"line":38,"column":1}},"line":12}},"branchMap":{},"s":{"0":0,"1":0,"2":0,"3":0,"4":0,"5":0,"6":0,"7":0,"8":0,"9":0,"10":0,"11":0,"12":0,"13":0,"14":0,"15":0,"16":0,"17":0,"18":0,"19":0,"20":0,"21":0,"22":0,"23":0},"f":{"0":0},"b":{}}
,"C:\\Users\\HP USER\\Desktop\\hackjos\\backend\\src\\utils\\apiResponse.js": {"path":"C:\\Users\\HP USER\\Desktop\\hackjos\\backend\\src\\utils\\apiResponse.js","statementMap":{"0":{"start":{"line":13,"column":0},"end":{"line":24,"column":2}},"1":{"start":{"line":14,"column":19},"end":{"line":17,"column":3}},"2":{"start":{"line":19,"column":2},"end":{"line":21,"column":3}},"3":{"start":{"line":20,"column":4},"end":{"line":20,"column":25}},"4":{"start":{"line":23,"column":2},"end":{"line":23,"column":47}},"5":{"start":{"line":33,"column":0},"end":{"line":44,"column":2}},"6":{"start":{"line":34,"column":19},"end":{"line":37,"column":3}},"7":{"start":{"line":39,"column":2},"end":{"line":41,"column":3}},"8":{"start":{"line":40,"column":4},"end":{"line":40,"column":29}},"9":{"start":{"line":43,"column":2},"end":{"line":43,"column":47}},"10":{"start":{"line":54,"column":0},"end":{"line":66,"column":2}},"11":{"start":{"line":55,"column":2},"end":{"line":65,"column":5}}},"fnMap":{"0":{"name":"(anonymous_0)","decl":{"start":{"line":13,"column":26},"end":{"line":13,"column":27}},"loc":{"start":{"line":13,"column":69},"end":{"line":24,"column":1}},"line":13},"1":{"name":"(anonymous_1)","decl":{"start":{"line":33,"column":24},"end":{"line":33,"column":25}},"loc":{"start":{"line":33,"column":69},"end":{"line":44,"column":1}},"line":33},"2":{"name":"(anonymous_2)","decl":{"start":{"line":54,"column":28},"end":{"line":54,"column":29}},"loc":{"start":{"line":54,"column":76},"end":{"line":66,"column":1}},"line":54}},"branchMap":{"0":{"loc":{"start":{"line":13,"column":53},"end":{"line":13,"column":64}},"type":"default-arg","locations":[{"start":{"line":13,"column":60},"end":{"line":13,"column":64}}],"line":13},"1":{"loc":{"start":{"line":19,"column":2},"end":{"line":21,"column":3}},"type":"if","locations":[{"start":{"line":19,"column":2},"end":{"line":21,"column":3}},{"start":{},"end":{}}],"line":19},"2":{"loc":{"start":{"line":33,"column":51},"end":{"line":33,"column":64}},"type":"default-arg","locations":[{"start":{"line":33,"column":60},"end":{"line":33,"column":64}}],"line":33},"3":{"loc":{"start":{"line":39,"column":2},"end":{"line":41,"column":3}},"type":"if","locations":[{"start":{"line":39,"column":2},"end":{"line":41,"column":3}},{"start":{},"end":{}}],"line":39}},"s":{"0":0,"1":0,"2":0,"3":0,"4":0,"5":0,"6":0,"7":0,"8":0,"9":0,"10":0,"11":0},"f":{"0":0,"1":0,"2":0},"b":{"0":[0],"1":[0,0],"2":[0],"3":[0,0]}}
,"C:\\Users\\HP USER\\Desktop\\hackjos\\backend\\src\\utils\\asyncHandler.js": {"path":"C:\\Users\\HP USER\\Desktop\\hackjos\\backend\\src\\utils\\asyncHandler.js","statementMap":{"0":{"start":{"line":10,"column":21},"end":{"line":12,"column":1}},"1":{"start":{"line":10,"column":29},"end":{"line":12,"column":1}},"2":{"start":{"line":11,"column":2},"end":{"line":11,"column":50}},"3":{"start":{"line":14,"column":0},"end":{"line":14,"column":30}}},"fnMap":{"0":{"name":"(anonymous_0)","decl":{"start":{"line":10,"column":21},"end":{"line":10,"column":22}},"loc":{"start":{"line":10,"column":29},"end":{"line":12,"column":1}},"line":10},"1":{"name":"(anonymous_1)","decl":{"start":{"line":10,"column":29},"end":{"line":10,"column":30}},"loc":{"start":{"line":10,"column":49},"end":{"line":12,"column":1}},"line":10}},"branchMap":{},"s":{"0":0,"1":0,"2":0,"3":0},"f":{"0":0,"1":0},"b":{}}
,"C:\\Users\\HP USER\\Desktop\\hackjos\\backend\\src\\utils\\logger.js": {"path":"C:\\Users\\HP USER\\Desktop\\hackjos\\backend\\src\\utils\\logger.js","statementMap":{"0":{"start":{"line":9,"column":15},"end":{"line":17,"column":1}},"1":{"start":{"line":22,"column":21},"end":{"line":24,"column":1}},"2":{"start":{"line":23,"column":2},"end":{"line":23,"column":34}},"3":{"start":{"line":29,"column":15},"end":{"line":81,"column":1}},"4":{"start":{"line":34,"column":4},"end":{"line":37,"column":6}},"5":{"start":{"line":44,"column":4},"end":{"line":47,"column":6}},"6":{"start":{"line":54,"column":4},"end":{"line":57,"column":6}},"7":{"start":{"line":64,"column":4},"end":{"line":69,"column":5}},"8":{"start":{"line":65,"column":6},"end":{"line":68,"column":8}},"9":{"start":{"line":76,"column":4},"end":{"line":79,"column":6}},"10":{"start":{"line":83,"column":0},"end":{"line":83,"column":24}}},"fnMap":{"0":{"name":"(anonymous_0)","decl":{"start":{"line":22,"column":21},"end":{"line":22,"column":22}},"loc":{"start":{"line":22,"column":27},"end":{"line":24,"column":1}},"line":22},"1":{"name":"(anonymous_1)","decl":{"start":{"line":33,"column":8},"end":{"line":33,"column":9}},"loc":{"start":{"line":33,"column":30},"end":{"line":38,"column":3}},"line":33},"2":{"name":"(anonymous_2)","decl":{"start":{"line":43,"column":9},"end":{"line":43,"column":10}},"loc":{"start":{"line":43,"column":31},"end":{"line":48,"column":3}},"line":43},"3":{"name":"(anonymous_3)","decl":{"start":{"line":53,"column":8},"end":{"line":53,"column":9}},"loc":{"start":{"line":53,"column":30},"end":{"line":58,"column":3}},"line":53},"4":{"name":"(anonymous_4)","decl":{"start":{"line":63,"column":9},"end":{"line":63,"column":10}},"loc":{"start":{"line":63,"column":31},"end":{"line":70,"column":3}},"line":63},"5":{"name":"(anonymous_5)","decl":{"start":{"line":75,"column":11},"end":{"line":75,"column":12}},"loc":{"start":{"line":75,"column":33},"end":{"line":80,"column":3}},"line":75}},"branchMap":{"0":{"loc":{"start":{"line":64,"column":4},"end":{"line":69,"column":5}},"type":"if","locations":[{"start":{"line":64,"column":4},"end":{"line":69,"column":5}},{"start":{},"end":{}}],"line":64}},"s":{"0":1,"1":1,"2":0,"3":1,"4":0,"5":0,"6":0,"7":0,"8":0,"9":0,"10":1},"f":{"0":0,"1":0,"2":0,"3":0,"4":0,"5":0},"b":{"0":[0,0]},"_coverageSchema":"1a1c01bbd47fc00a2c39e90264f33305004495a9","hash":"61c4e8adec548233f69c12ed7e283cc0d076ff88"}
}
